#
# A fatal error has been detected by the Java Runtime Environment:
#
#  EXCEPTION_ACCESS_VIOLATION (0xc0000005) at pc=0x000000007a3785e1, pid=8856, tid=9568
#
# JRE version: 6.0_17-b04
# Java VM: Java HotSpot(TM) 64-Bit Server VM (14.3-b01 mixed mode windows-amd64 )
# Problematic frame:
# C  0x000000007a3785e1
#
# If you would like to submit a bug report, please visit:
#   http://java.sun.com/webapps/bugreport/crash.jsp
# The crash happened outside the Java Virtual Machine in native code.
# See problematic frame for where to report the bug.
#

---------------  T H R E A D  ---------------

Current thread (0x00000000187c8000):  JavaThread "Image Fetcher 3" daemon [_thread_in_native, id=9568, stack(0x0000000015f30000,0x0000000015fb0000)]

siginfo: ExceptionCode=0xc0000005, reading address 0x0000000000000018

Registers:
EAX=0x0000000000000000, EBX=0x0000000000000003, ECX=0x000000006a882f10, EDX=0x0000000000000000
ESP=0x0000000015fac420, EBP=0x00000000187c81b8, ESI=0x000000006a882f10, EDI=0x0000000000000000
EIP=0x000000007a3785e1, EFLAGS=0x0000000000010202

Top of Stack: (sp=0x0000000015fac420)
0x0000000015fac420:   0000000000000000 0000000000000000
0x0000000015fac430:   0000000000000000 0000000078ab32e1
0x0000000015fac440:   0000000000000000 0000000000000000
0x0000000015fac450:   000000006a882f10 00000000187c81b8
0x0000000015fac460:   0000000000000003 000000007a371f90
0x0000000015fac470:   0000000000000000 0000000000000000
0x0000000015fac480:   0000000000000000 0000000000000000
0x0000000015fac490:   0000000000000003 00000000000016d8
0x0000000015fac4a0:   0000000000000000 0000000000000000
0x0000000015fac4b0:   00000000000016e0 0000000000000000
0x0000000015fac4c0:   0000000000000000 0000000000000000
0x0000000015fac4d0:   0000000000000000 0000000000000000
0x0000000015fac4e0:   0000000000000000 0000000000000000
0x0000000015fac4f0:   0000000000000000 0000000000000000
0x0000000015fac500:   0000000000000000 0000000000000000
0x0000000015fac510:   0000000000000000 0000000000000000 

Instructions: (pc=0x000000007a3785e1)
0x000000007a3785d1:   c4 58 5f 5b c3 cc cc 48 53 55 56 57 48 83 ec 28
0x000000007a3785e1:   4c 8b 52 18 49 8b e9 49 8b f0 4d 85 d2 48 8b d9 


Stack: [0x0000000015f30000,0x0000000015fb0000],  sp=0x0000000015fac420,  free space=497k
Native frames: (J=compiled Java code, j=interpreted, Vv=VM code, C=native code)
C  0x000000007a3785e1

Java frames: (J=compiled Java code, j=interpreted, Vv=VM code)
j  java.util.zip.ZipFile.read(JJJ[BII)I+0
j  java.util.zip.ZipFile.access$1200(JJJ[BII)I+10
j  java.util.zip.ZipFile$ZipFileInputStream.read([BII)I+66
j  java.util.zip.ZipFile$1.fill()V+32
J  java.util.zip.InflaterInputStream.read([BII)I
j  java.io.FilterInputStream.read([BII)I+7
j  java.io.BufferedInputStream.fill()V+175
j  java.io.BufferedInputStream.read1([BII)I+44
j  java.io.BufferedInputStream.read([BII)I+49
j  sun.awt.image.GifImageDecoder.readBytes([BII)I+11
v  ~StubRoutines::call_stub
j  sun.awt.image.GifImageDecoder.parseImage(IIIIZI[B[BLjava/awt/image/IndexColorModel;)Z+0
j  sun.awt.image.GifImageDecoder.readImage(ZII)Z+673
j  sun.awt.image.GifImageDecoder.produceImage()V+487
j  sun.awt.image.InputStreamImageSource.doFetch()V+51
j  sun.awt.image.ImageFetcher.fetchloop()V+33
j  sun.awt.image.ImageFetcher.run()V+5
v  ~StubRoutines::call_stub

---------------  P R O C E S S  ---------------

Java Threads: ( => current thread )
  0x00000000187c5000 JavaThread "Loader for _view_0" daemon [_thread_blocked, id=4164, stack(0x0000000016730000,0x00000000167b0000)]
=>0x00000000187c8000 JavaThread "Image Fetcher 3" daemon [_thread_in_native, id=9568, stack(0x0000000015f30000,0x0000000015fb0000)]
  0x00000000187c7000 JavaThread "Image Fetcher 2" daemon [_thread_blocked, id=10436, stack(0x0000000014600000,0x0000000014680000)]
  0x00000000187c3800 JavaThread "Image Fetcher 1" daemon [_thread_blocked, id=11260, stack(0x00000000148b0000,0x0000000014930000)]
  0x00000000187c8800 JavaThread "Image Fetcher 0" daemon [_thread_blocked, id=3952, stack(0x00000000147b0000,0x0000000014830000)]
  0x00000000187c6800 JavaThread "pool-7-thread-1" [_thread_blocked, id=12116, stack(0x0000000015fb0000,0x0000000016030000)]
  0x00000000187c4000 JavaThread "Code Analyzer updating thread" [_thread_blocked, id=11936, stack(0x0000000014d60000,0x0000000014de0000)]
  0x00000000187c2800 JavaThread "pool-6-thread-1" [_thread_blocked, id=8256, stack(0x0000000014a80000,0x0000000014b00000)]
  0x00000000187c1800 JavaThread "Code Analyzer updating thread" [_thread_blocked, id=7544, stack(0x0000000014c10000,0x0000000014c90000)]
  0x0000000069ec1000 JavaThread "Code Analyzer updating thread" [_thread_blocked, id=10596, stack(0x0000000014b10000,0x0000000014b90000)]
  0x00000000765f1000 JavaThread "Code Analyzer updating thread" [_thread_blocked, id=9276, stack(0x0000000014440000,0x00000000144c0000)]
  0x00000000765ea000 JavaThread "Code Analyzer updating thread" [_thread_blocked, id=9768, stack(0x0000000014680000,0x0000000014700000)]
  0x00000000765ed000 JavaThread "Code Analyzer updating thread" [_thread_blocked, id=10660, stack(0x0000000014830000,0x00000000148b0000)]
  0x00000000765f0800 JavaThread "Foxtrot Single Worker Thread #1" daemon [_thread_blocked, id=11104, stack(0x00000000149a0000,0x0000000014a20000)]
  0x00000000765ea800 JavaThread "Code Analyzer updating thread" [_thread_blocked, id=8036, stack(0x0000000014710000,0x0000000014790000)]
  0x00000000765ee000 JavaThread "Timer queue for AWT thread" daemon [_thread_blocked, id=9808, stack(0x0000000012390000,0x0000000012410000)]
  0x0000000069ec6000 JavaThread "Explorer NavigationContext request queue" [_thread_blocked, id=8224, stack(0x0000000011ff0000,0x0000000012070000)]
  0x00000000765ec000 JavaThread "AddressBar directory emptiness poller" [_thread_blocked, id=8812, stack(0x00000000144f0000,0x0000000014570000)]
  0x00000000765eb800 JavaThread "Timer queue for AWT thread" daemon [_thread_blocked, id=5888, stack(0x0000000009570000,0x00000000095f0000)]
  0x0000000069ec7800 JavaThread "Active Reference Queue Daemon" daemon [_thread_blocked, id=6976, stack(0x0000000008b50000,0x0000000008bd0000)]
  0x0000000069ec2800 JavaThread "Timer-39" daemon [_thread_blocked, id=3420, stack(0x0000000009640000,0x00000000096c0000)]
  0x0000000069ec5800 JavaThread "Prefs Updater" daemon [_thread_blocked, id=8444, stack(0x0000000008ab0000,0x0000000008b30000)]
  0x0000000069ec7000 JavaThread "Timer-4" daemon [_thread_blocked, id=9116, stack(0x000000006cf10000,0x000000006cf90000)]
  0x0000000069ec5000 JavaThread "AddressBar directory emptiness poller" [_thread_blocked, id=7304, stack(0x0000000065190000,0x0000000065210000)]
  0x0000000069ec3800 JavaThread "Timer-1" [_thread_blocked, id=8376, stack(0x0000000050d30000,0x0000000050db0000)]
  0x0000000069ec0800 JavaThread "TimerQueue" daemon [_thread_blocked, id=4172, stack(0x0000000025320000,0x00000000253a0000)]
  0x0000000069ece800 JavaThread "FelixPackageAdmin" daemon [_thread_blocked, id=4488, stack(0x000000000fdb0000,0x000000000fe30000)]
  0x0000000069f4d000 JavaThread "FelixStartLevel" daemon [_thread_blocked, id=7424, stack(0x000000002d410000,0x000000002d490000)]
  0x0000000069f4c800 JavaThread "FelixDispatchQueue" daemon [_thread_blocked, id=8484, stack(0x0000000021220000,0x00000000212a0000)]
  0x0000000069e7e000 JavaThread "AWT-EventQueue-0" [_thread_blocked, id=6216, stack(0x000000000ff70000,0x000000000fff0000)]
  0x0000000069e1d000 JavaThread "com.google.common.base.internal.Finalizer" daemon [_thread_blocked, id=2748, stack(0x0000000018f60000,0x0000000018fe0000)]
  0x0000000069daf000 JavaThread "AWT-Windows" daemon [_thread_in_native, id=3732, stack(0x000000000fc70000,0x000000000fcf0000)]
  0x0000000069dae800 JavaThread "AWT-Shutdown" [_thread_blocked, id=4616, stack(0x000000000f5b0000,0x000000000f630000)]
  0x0000000069dad800 JavaThread "Java2D Disposer" daemon [_thread_blocked, id=4032, stack(0x000000000fad0000,0x000000000fb50000)]
  0x000000006996b800 JavaThread "Timer-0" [_thread_blocked, id=7668, stack(0x000000000f520000,0x000000000f5a0000)]
  0x0000000069901800 JavaThread "EventMgr Dispatcher" daemon [_thread_in_native, id=8864, stack(0x0000000019140000,0x000000001d140000)]
  0x000000000f1d2000 JavaThread "Low Memory Detector" daemon [_thread_blocked, id=4996, stack(0x000000000f3b0000,0x000000000f430000)]
  0x000000000f1d0800 JavaThread "CompilerThread1" daemon [_thread_blocked, id=1140, stack(0x0000000061190000,0x0000000065190000)]
  0x000000000f1c3000 JavaThread "CompilerThread0" daemon [_thread_blocked, id=8116, stack(0x000000005d0a0000,0x00000000610a0000)]
  0x000000000f1be000 JavaThread "Attach Listener" daemon [_thread_blocked, id=2768, stack(0x000000000f650000,0x000000000f6d0000)]
  0x000000000f16b800 JavaThread "Finalizer" daemon [_thread_blocked, id=6540, stack(0x000000000f330000,0x000000000f3b0000)]
  0x000000000577b800 JavaThread "Reference Handler" daemon [_thread_blocked, id=7656, stack(0x000000000f470000,0x000000000f4f0000)]
  0x000000000567e800 JavaThread "main" [_thread_in_native, id=7556, stack(0x00000000000b0000,0x00000000040b0000)]

Other Threads:
  0x000000000f162800 VMThread [stack: 0x0000000058f00000,0x000000005cf00000] [id=8588]
  0x000000000f1fd800 WatcherThread [stack: 0x00000000652b0000,0x00000000692b0000] [id=6468]

VM state:not at safepoint (normal execution)

VM Mutex/Monitor currently owned by a thread: None

Heap
 PSYoungGen      total 19072K, used 10296K [0x00000000457d0000, 0x0000000047820000, 0x00000000488d0000)
  eden space 17984K, 51% used [0x00000000457d0000,0x00000000460d6148,0x0000000046960000)
  from space 1088K, 97% used [0x00000000469c0000,0x0000000046ac8000,0x0000000046ad0000)
  to   space 7552K, 0% used [0x00000000470c0000,0x00000000470c0000,0x0000000047820000)
 PSOldGen        total 112448K, used 88841K [0x000000003c4d0000, 0x00000000432a0000, 0x00000000457d0000)
  object space 112448K, 79% used [0x000000003c4d0000,0x0000000041b924b0,0x00000000432a0000)
 PSPermGen       total 89728K, used 72236K [0x00000000344d0000, 0x0000000039c70000, 0x000000003c4d0000)
  object space 89728K, 80% used [0x00000000344d0000,0x0000000038b5b350,0x0000000039c70000)

Dynamic libraries:
0x000000013f1a0000 - 0x000000013f1d2000 	C:\Program Files\MATLAB\R2012a\bin\win64\MATLAB.exe
0x0000000077a90000 - 0x0000000077c39000 	C:\Windows\SYSTEM32\ntdll.dll
0x0000000077970000 - 0x0000000077a8f000 	C:\Windows\system32\kernel32.dll
0x000007fefe230000 - 0x000007fefe29b000 	C:\Windows\system32\KERNELBASE.dll
0x0000000074460000 - 0x0000000074554000 	C:\Program Files\MATLAB\R2012a\bin\win64\libut.dll
0x00000000758a0000 - 0x0000000075952000 	C:\Program Files\MATLAB\R2012a\bin\win64\libmwi18n.dll
0x0000000180000000 - 0x000000018000b000 	C:\Program Files\MATLAB\R2012a\bin\win64\libmwresource_core.dll
0x0000000072980000 - 0x0000000072a53000 	C:\Windows\WinSxS\amd64_microsoft.vc90.crt_1fc8b3b9a1e18e3b_9.0.30729.6161_none_08e61857a83bc251\MSVCP90.dll
0x0000000075170000 - 0x0000000075213000 	C:\Windows\WinSxS\amd64_microsoft.vc90.crt_1fc8b3b9a1e18e3b_9.0.30729.6161_none_08e61857a83bc251\MSVCR90.dll
0x000000007a170000 - 0x000000007a19c000 	C:\Program Files\MATLAB\R2012a\bin\win64\boost_filesystem-vc90-mt-1_44.dll
0x000000007a560000 - 0x000000007a569000 	C:\Program Files\MATLAB\R2012a\bin\win64\boost_system-vc90-mt-1_44.dll
0x000007feffaa0000 - 0x000007feffb7b000 	C:\Windows\system32\ADVAPI32.dll
0x000007feff6f0000 - 0x000007feff78f000 	C:\Windows\system32\msvcrt.dll
0x000007fefe520000 - 0x000007fefe53f000 	C:\Windows\SYSTEM32\sechost.dll
0x000007feff860000 - 0x000007feff98d000 	C:\Windows\system32\RPCRT4.dll
0x000000007a010000 - 0x000000007a035000 	C:\Program Files\MATLAB\R2012a\bin\win64\LIBEXPAT.dll
0x0000000070150000 - 0x0000000070341000 	C:\Program Files\MATLAB\R2012a\bin\win64\icuin44.dll
0x0000000070650000 - 0x00000000707c1000 	C:\Program Files\MATLAB\R2012a\bin\win64\icuuc44.dll
0x0000000010000000 - 0x0000000010e41000 	C:\Program Files\MATLAB\R2012a\bin\win64\icudt44.dll
0x0000000073f70000 - 0x00000000740ad000 	C:\Program Files\MATLAB\R2012a\bin\win64\libmwfl.dll
0x0000000004250000 - 0x0000000004546000 	C:\Program Files\MATLAB\R2012a\bin\win64\libmwMATLAB_res.dll
0x000000007a3b0000 - 0x000000007a3c0000 	C:\Program Files\MATLAB\R2012a\bin\win64\boost_date_time-vc90-mt-1_44.dll
0x000000007a250000 - 0x000000007a263000 	C:\Program Files\MATLAB\R2012a\bin\win64\boost_signals-vc90-mt-1_44.dll
0x000000007a2d0000 - 0x000000007a2e2000 	C:\Program Files\MATLAB\R2012a\bin\win64\boost_thread-vc90-mt-1_44.dll
0x0000000004590000 - 0x00000000045d6000 	C:\Program Files\MATLAB\R2012a\bin\win64\tbb.dll
0x000007feffc20000 - 0x000007feffc39000 	C:\Windows\system32\imagehlp.dll
0x0000000077c50000 - 0x0000000077c57000 	C:\Windows\system32\PSAPI.DLL
0x00000000747c0000 - 0x00000000747d3000 	C:\Program Files\MATLAB\R2012a\bin\win64\icuio44.dll
0x000007fefa630000 - 0x000007fefa755000 	C:\Windows\system32\dbghelp.dll
0x0000000077870000 - 0x000000007796a000 	C:\Windows\system32\USER32.dll
0x000007feff460000 - 0x000007feff4c7000 	C:\Windows\system32\GDI32.dll
0x000007feff4d0000 - 0x000007feff4de000 	C:\Windows\system32\LPK.dll
0x000007feff790000 - 0x000007feff859000 	C:\Windows\system32\USP10.dll
0x000000007bed0000 - 0x000000007c183000 	C:\Program Files\MATLAB\R2012a\bin\win64\libmwservices.dll
0x0000000075a20000 - 0x0000000075ae2000 	C:\Program Files\MATLAB\R2012a\bin\win64\libmx.dll
0x000000007a210000 - 0x000000007a228000 	C:\Program Files\MATLAB\R2012a\bin\win64\zlib1.dll
0x0000000004630000 - 0x0000000004651000 	C:\Program Files\MATLAB\R2012a\bin\win64\libmwmfl_scalar.dll
0x0000000075f10000 - 0x0000000075f5d000 	C:\Program Files\MATLAB\R2012a\bin\win64\mpath.dll
0x000000007b680000 - 0x000000007bbe1000 	C:\Program Files\MATLAB\R2012a\bin\win64\mlutil.dll
0x0000000074740000 - 0x00000000747bf000 	C:\Program Files\MATLAB\R2012a\bin\win64\xmlcore.dll
0x000000007bc30000 - 0x000000007be83000 	C:\Program Files\MATLAB\R2012a\bin\win64\xerces-c_2_7.dll
0x000007feffcc0000 - 0x000007feffd0d000 	C:\Windows\system32\WS2_32.dll
0x000007fefe5e0000 - 0x000007fefe5e8000 	C:\Windows\system32\NSI.dll
0x00000000046b0000 - 0x00000000046ca000 	C:\Program Files\MATLAB\R2012a\bin\win64\libmwMATLAB_settings_res.dll
0x00000000046e0000 - 0x0000000004727000 	C:\Program Files\MATLAB\R2012a\bin\win64\boost_serialization-vc90-mt-1_44.dll
0x000007fefe5f0000 - 0x000007feff378000 	C:\Windows\system32\SHELL32.dll
0x000007feffc40000 - 0x000007feffcb1000 	C:\Windows\system32\SHLWAPI.dll
0x000007fef94f0000 - 0x000007fef9590000 	C:\Windows\WinSxS\amd64_microsoft.windows.common-controls_6595b64144ccf1df_5.82.7601.17514_none_a4d6a923711520a9\COMCTL32.dll
0x000007feffb80000 - 0x000007feffc17000 	C:\Windows\system32\COMDLG32.dll
0x000007fefcec0000 - 0x000007fefced6000 	C:\Windows\system32\NETAPI32.dll
0x000007fefceb0000 - 0x000007fefcebc000 	C:\Windows\system32\netutils.dll
0x000007fefda10000 - 0x000007fefda33000 	C:\Windows\system32\srvcli.dll
0x000007fefce90000 - 0x000007fefcea5000 	C:\Windows\system32\wkscli.dll
0x000007feff4e0000 - 0x000007feff6e3000 	C:\Windows\system32\ole32.dll
0x000007feff380000 - 0x000007feff457000 	C:\Windows\system32\OLEAUT32.dll
0x0000000074970000 - 0x0000000074b06000 	C:\Program Files\MATLAB\R2012a\bin\win64\mcr.dll
0x0000000004750000 - 0x0000000004abb000 	C:\Program Files\MATLAB\R2012a\bin\win64\iqm.dll
0x000000006f920000 - 0x0000000070141000 	C:\Program Files\MATLAB\R2012a\bin\win64\m_interpreter.dll
0x0000000070900000 - 0x0000000070925000 	C:\Program Files\MATLAB\R2012a\bin\win64\libmex.dll
0x0000000070590000 - 0x0000000070643000 	C:\Program Files\MATLAB\R2012a\bin\win64\m_dispatcher.dll
0x0000000074880000 - 0x000000007496d000 	C:\Program Files\MATLAB\R2012a\bin\win64\boost_regex-vc90-mt-1_44.dll
0x000000006f890000 - 0x000000006f914000 	C:\Program Files\MATLAB\R2012a\bin\win64\profiler.dll
0x0000000004b20000 - 0x0000000004d75000 	C:\Program Files\MATLAB\R2012a\bin\win64\libmwmathutil.dll
0x0000000079f40000 - 0x0000000079f6d000 	C:\Program Files\MATLAB\R2012a\bin\win64\libmwmathrng.dll
0x0000000074c10000 - 0x0000000074ced000 	C:\Program Files\MATLAB\R2012a\bin\win64\libmwmathcore.dll
0x0000000076160000 - 0x00000000761cb000 	C:\Program Files\MATLAB\R2012a\bin\win64\libmwspmatrix.dll
0x0000000075ea0000 - 0x0000000075f02000 	C:\Program Files\MATLAB\R2012a\bin\win64\libmwcholmod.dll
0x000000007a460000 - 0x000000007a46d000 	C:\Program Files\MATLAB\R2012a\bin\win64\libmwamd.dll
0x000000007a4b0000 - 0x000000007a4bc000 	C:\Program Files\MATLAB\R2012a\bin\win64\libmwcolamd.dll
0x0000000004df0000 - 0x0000000004e09000 	C:\Program Files\MATLAB\R2012a\bin\win64\libmwblas.dll
0x0000000074720000 - 0x0000000074732000 	C:\Program Files\MATLAB\R2012a\bin\win64\libmwbinder.dll
0x0000000004e30000 - 0x0000000004e3b000 	C:\Program Files\MATLAB\R2012a\bin\win64\libmwompwrapper.dll
0x000000006f800000 - 0x000000006f886000 	C:\Program Files\MATLAB\R2012a\bin\win64\libmwlapack.dll
0x00000000708d0000 - 0x00000000708f1000 	C:\Program Files\MATLAB\R2012a\bin\win64\m_pcodeio.dll
0x0000000079b10000 - 0x0000000079b77000 	C:\Program Files\MATLAB\R2012a\bin\win64\m_ir.dll
0x000000006f1b0000 - 0x000000006f800000 	C:\Program Files\MATLAB\R2012a\bin\win64\m_parser.dll
0x00000000727a0000 - 0x00000000727ba000 	C:\Program Files\MATLAB\R2012a\bin\win64\ir_xfmr.dll
0x000000006ef30000 - 0x000000006f1a9000 	C:\Program Files\MATLAB\R2012a\bin\win64\mcos.dll
0x00000000708c0000 - 0x00000000708cc000 	C:\Program Files\MATLAB\R2012a\bin\win64\mtok.dll
0x000000006eef0000 - 0x000000006ef21000 	C:\Program Files\MATLAB\R2012a\bin\win64\m_pcodegen.dll
0x0000000079fb0000 - 0x0000000079fe7000 	C:\Program Files\MATLAB\R2012a\bin\win64\libmwbridge.dll
0x000000006ee20000 - 0x000000006eee8000 	C:\Program Files\MATLAB\R2012a\bin\win64\udd.dll
0x000000006ecc0000 - 0x000000006ee12000 	C:\Program Files\MATLAB\R2012a\bin\win64\libmwgui.dll
0x00000000708a0000 - 0x00000000708b7000 	C:\Program Files\MATLAB\R2012a\bin\win64\graphics_util.dll
0x000000006d8e0000 - 0x000000006e283000 	C:\Program Files\MATLAB\R2012a\bin\win64\hg.dll
0x0000000004f20000 - 0x0000000004f87000 	C:\Program Files\MATLAB\R2012a\bin\win64\libmat.dll
0x0000000072d30000 - 0x0000000072f44000 	C:\Program Files\MATLAB\R2012a\bin\win64\hdf5dll.dll
0x0000000075710000 - 0x00000000757c1000 	C:\Program Files\MATLAB\R2012a\bin\win64\jmi.dll
0x0000000004fc0000 - 0x0000000004fce000 	C:\Program Files\MATLAB\R2012a\bin\win64\nativejava_services.dll
0x000000006ebf0000 - 0x000000006ec32000 	C:\Program Files\MATLAB\R2012a\bin\win64\libmwhardcopy.dll
0x000000006eb90000 - 0x000000006ebea000 	C:\Program Files\MATLAB\R2012a\bin\win64\libuij.dll
0x000000006e980000 - 0x000000006eb8c000 	C:\Program Files\MATLAB\R2012a\bin\win64\hgdatatypes.dll
0x000000006e880000 - 0x000000006e97d000 	C:\Program Files\MATLAB\R2012a\bin\win64\hgutils.dll
0x000000006e7c0000 - 0x000000006e87d000 	C:\Program Files\MATLAB\R2012a\bin\win64\udd_mi.dll
0x0000000005030000 - 0x000000000506b000 	C:\Program Files\MATLAB\R2012a\bin\win64\libmwgbtutils.dll
0x0000000005080000 - 0x0000000005099000 	C:\Program Files\MATLAB\R2012a\bin\win64\libmwgbt.dll
0x00000000050b0000 - 0x000000000537a000 	C:\Program Files\MATLAB\R2012a\bin\win64\uiw.dll
0x000000006ecb0000 - 0x000000006ecbf000 	C:\Program Files\MATLAB\R2012a\bin\win64\uinone.dll
0x000007fefb040000 - 0x000007fefb058000 	C:\Windows\system32\MPR.dll
0x000000006e2d0000 - 0x000000006e7b4000 	C:\Windows\WinSxS\amd64_microsoft.vc90.mfc_1fc8b3b9a1e18e3b_9.0.30729.6161_none_044aad0bab1eb146\mfc90.dll
0x000007fefb1b0000 - 0x000007fefb1b7000 	C:\Windows\system32\MSIMG32.dll
0x000007fef92e0000 - 0x000007fef9351000 	C:\Windows\system32\WINSPOOL.DRV
0x000000006ec90000 - 0x000000006ecb0000 	C:\Program Files\MATLAB\R2012a\bin\win64\mwoles05.DLL
0x000000006d820000 - 0x000000006d89c000 	C:\Program Files\MATLAB\R2012a\bin\win64\comcli.dll
0x0000000072950000 - 0x000000007297f000 	C:\Windows\WinSxS\amd64_microsoft.vc90.atl_1fc8b3b9a1e18e3b_9.0.30729.6161_none_0a1fd3a3a768b895\ATL90.DLL
0x000000006ec80000 - 0x000000006ec8c000 	C:\Program Files\MATLAB\R2012a\bin\win64\mlautoregister.dll
0x00000000053d0000 - 0x00000000053e0000 	C:\Program Files\MATLAB\R2012a\bin\win64\boost_iostreams-vc90-mt-1_44.dll
0x000007feffd10000 - 0x000007feffd3e000 	C:\Windows\system32\IMM32.DLL
0x000007feff990000 - 0x000007feffa99000 	C:\Windows\system32\MSCTF.dll
0x000007fefdea0000 - 0x000007fefdee4000 	C:\Windows\system32\nvinitx.dll
0x000000000f000000 - 0x000000000f006000 	C:\Program Files\NVIDIA Corporation\CoProcManager\_etoured.dll
0x000007fefb160000 - 0x000007fefb1a5000 	C:\Program Files\NVIDIA Corporation\CoProcManager\nvd3d9wrapx.dll
0x000007fefe340000 - 0x000007fefe517000 	C:\Windows\system32\SETUPAPI.dll
0x000007fefdfe0000 - 0x000007fefe016000 	C:\Windows\system32\CFGMGR32.dll
0x000007fefe2a0000 - 0x000007fefe2ba000 	C:\Windows\system32\DEVOBJ.dll
0x000007fefb120000 - 0x000007fefb157000 	C:\Program Files\NVIDIA Corporation\CoProcManager\nvdxgiwrapx.dll
0x0000000075300000 - 0x0000000075338000 	C:\PROGRA~2\Sophos\SOPHOS~1\SOPHOS~2.DLL
0x000007fefbdb0000 - 0x000007fefbe06000 	C:\Windows\system32\UxTheme.dll
0x000007fefbb70000 - 0x000007fefbb88000 	C:\Windows\system32\dwmapi.dll
0x0000000005460000 - 0x000000000546d000 	C:\Windows\WinSxS\amd64_microsoft.vc90.mfcloc_1fc8b3b9a1e18e3b_9.0.30729.6161_none_01c9581e60cbee58\MFC90ENU.DLL
0x00000000055d0000 - 0x00000000055f9000 	C:\Program Files\MATLAB\R2012a\bin\win64\tbbmalloc.dll
0x000007fefdef0000 - 0x000007fefdeff000 	C:\Windows\system32\profapi.dll
0x000007fef9f30000 - 0x000007fef9f3f000 	C:\Program Files\MATLAB\R2012a\bin\win64\xmlxrcsc.dll
0x000007fefddd0000 - 0x000007fefdddf000 	C:\Windows\system32\CRYPTBASE.dll
0x000007fefd100000 - 0x000007fefd2f4000 	C:\Windows\WinSxS\amd64_microsoft.windows.common-controls_6595b64144ccf1df_6.0.7601.17514_none_fa396087175ac9ac\comctl32.dll
0x000007fefe540000 - 0x000007fefe5d9000 	C:\Windows\system32\CLBCatQ.DLL
0x000007fefc5f0000 - 0x000007fefc71c000 	C:\Windows\system32\propsys.dll
0x000007fefc850000 - 0x000007fefc87d000 	C:\Windows\system32\ntmarta.dll

VM Arguments:
jvm_args: -Xss512k -XX:PermSize=32m -Xms64m -XX:NewRatio=3 -XX:MaxPermSize=128m -Xmx196m -XX:MaxDirectMemorySize=2147400000 -Dsun.java2d.noddraw=true -Dsun.awt.nopixfmt=true -Xshare:off -Xrs -Dsun.awt.disableMixing=true -Djava.library.path=C:\Program Files\MATLAB\R2012a\bin\win64 vfprintf abort 
java_command: <unknown>
Launcher Type: generic

Environment Variables:
PATH=C:\Program Files (x86)\NVIDIA Corporation\PhysX\Common;C:\Program Files\Common Files\Microsoft Shared\Windows Live;C:\Program Files (x86)\Common Files\Microsoft Shared\Windows Live;C:\Program Files (x86)\Python33\;C:\Windows\system32;C:\Windows;C:\Windows\System32\Wbem;C:\Windows\System32\WindowsPowerShell\v1.0\;C:\Program Files\Intel\WiFi\bin\;C:\Program Files\Common Files\Intel\WirelessCommon\;C:\SWTOOLS\ReadyApps;C:\Program Files (x86)\MiKTeX 2.9\miktex\bin\;C:\Program Files (x86)\Windows Kits\8.0\Windows Performance Toolkit\;C:\Program Files\Microsoft SQL Server\110\Tools\Binn\;C:\Program Files\MATLAB\R2012a\bin;C:\Program Files (x86)\Windows Live\Shared;C:\Program Files (x86)\Lenovo\Access Connections\;C:\Program Files\Intel\WiFi\bin\;C:\Program Files\Common Files\Intel\WirelessCommon\
USERNAME=Alex
OS=Windows_NT
PROCESSOR_IDENTIFIER=Intel64 Family 6 Model 42 Stepping 7, GenuineIntel



---------------  S Y S T E M  ---------------

OS: Windows 7 Build 7601 Service Pack 1

CPU:total 4 (8 cores per cpu, 2 threads per core) family 6 model 42 stepping 7, cmov, cx8, fxsr, mmx, sse, sse2, sse3, ssse3, sse4.1, sse4.2, ht

Memory: 4k page, physical 8273136k(5032612k free), swap 16544420k(12986060k free)

vm_info: Java HotSpot(TM) 64-Bit Server VM (14.3-b01) for windows-amd64 JRE (1.6.0_17-b04), built on Oct 11 2009 00:46:08 by "java_re" with MS VC++ 8.0

time: Mon Jan 14 01:56:11 2013
elapsed time: 31254 seconds

